Using pre-set license
Built from '2022.3/staging' branch; Version is '2022.3.22f1 (887be4894c44) revision 8944612'; Using compiler version '192829333'; Build Type 'Release'
OS: 'Windows 11  (10.0.22631) 64bit Core' Language: 'ko' Physical Memory: 32621 MB
BatchMode: 1, IsHumanControllingUs: 0, StartBugReporterOnCrash: 0, Is64bit: 1, IsPro: 1

COMMAND LINE ARGUMENTS:
C:\Program Files\Unity 2022.3.22f1\Editor\Unity.exe
-adb2
-batchMode
-noUpm
-name
AssetImportWorker2
-projectPath
C:/Users/PC/Desktop/Unity-Lecture/Program
-logFile
Logs/AssetImportWorker2.log
-srvPort
4733
Successfully changed project path to: C:/Users/PC/Desktop/Unity-Lecture/Program
C:/Users/PC/Desktop/Unity-Lecture/Program
[UnityMemory] Configuration Parameters - Can be set up in boot.config
    "memorysetup-bucket-allocator-granularity=16"
    "memorysetup-bucket-allocator-bucket-count=8"
    "memorysetup-bucket-allocator-block-size=33554432"
    "memorysetup-bucket-allocator-block-count=8"
    "memorysetup-main-allocator-block-size=16777216"
    "memorysetup-thread-allocator-block-size=16777216"
    "memorysetup-gfx-main-allocator-block-size=16777216"
    "memorysetup-gfx-thread-allocator-block-size=16777216"
    "memorysetup-cache-allocator-block-size=4194304"
    "memorysetup-typetree-allocator-block-size=2097152"
    "memorysetup-profiler-bucket-allocator-granularity=16"
    "memorysetup-profiler-bucket-allocator-bucket-count=8"
    "memorysetup-profiler-bucket-allocator-block-size=33554432"
    "memorysetup-profiler-bucket-allocator-block-count=8"
    "memorysetup-profiler-allocator-block-size=16777216"
    "memorysetup-profiler-editor-allocator-block-size=1048576"
    "memorysetup-temp-allocator-size-main=16777216"
    "memorysetup-job-temp-allocator-block-size=2097152"
    "memorysetup-job-temp-allocator-block-size-background=1048576"
    "memorysetup-job-temp-allocator-reduction-small-platforms=262144"
    "memorysetup-allocator-temp-initial-block-size-main=262144"
    "memorysetup-allocator-temp-initial-block-size-worker=262144"
    "memorysetup-temp-allocator-size-background-worker=32768"
    "memorysetup-temp-allocator-size-job-worker=262144"
    "memorysetup-temp-allocator-size-preload-manager=33554432"
    "memorysetup-temp-allocator-size-nav-mesh-worker=65536"
    "memorysetup-temp-allocator-size-audio-worker=65536"
    "memorysetup-temp-allocator-size-cloud-worker=32768"
    "memorysetup-temp-allocator-size-gi-baking-worker=262144"
    "memorysetup-temp-allocator-size-gfx=262144"
Player connection [12516] Host "[IP] 192.168.45.236 [Port] 0 [Flags] 2 [Guid] 3060464766 [EditorId] 3060464766 [Version] 1048832 [Id] WindowsEditor(7,DESKTOP-74JCUV3) [Debug] 1 [PackageName] WindowsEditor [ProjectName] Editor" joined multi-casting on [225.0.0.222:54997]...

Player connection [12516] Host "[IP] 192.168.45.236 [Port] 0 [Flags] 2 [Guid] 3060464766 [EditorId] 3060464766 [Version] 1048832 [Id] WindowsEditor(7,DESKTOP-74JCUV3) [Debug] 1 [PackageName] WindowsEditor [ProjectName] Editor" joined alternative multi-casting on [225.0.0.222:34997]...

[Physics::Module] Initialized MultithreadedJobDispatcher with 11 workers.
Refreshing native plugins compatible for Editor in 5.95 ms, found 3 plugins.
Preloading 0 native plugins for Editor in 0.00 ms.
Initialize engine version: 2022.3.22f1 (887be4894c44)
[Subsystems] Discovering subsystems at path C:/Program Files/Unity 2022.3.22f1/Editor/Data/Resources/UnitySubsystems
[Subsystems] Discovering subsystems at path C:/Users/PC/Desktop/Unity-Lecture/Program/Assets
GfxDevice: creating device client; threaded=0; jobified=0
Direct3D:
    Version:  Direct3D 11.0 [level 11.1]
    Renderer: NVIDIA GeForce RTX 4060 (ID=0x2882)
    Vendor:   NVIDIA
    VRAM:     7957 MB
    Driver:   32.0.15.6081
Initialize mono
Mono path[0] = 'C:/Program Files/Unity 2022.3.22f1/Editor/Data/Managed'
Mono path[1] = 'C:/Program Files/Unity 2022.3.22f1/Editor/Data/MonoBleedingEdge/lib/mono/unityjit-win32'
Mono config path = 'C:/Program Files/Unity 2022.3.22f1/Editor/Data/MonoBleedingEdge/etc'
Using monoOptions --debugger-agent=transport=dt_socket,embedding=1,server=y,suspend=n,address=127.0.0.1:56748
Begin MonoManager ReloadAssembly
Registering precompiled unity dll's ...
Register platform support module: C:/Program Files/Unity 2022.3.22f1/Editor/Data/PlaybackEngines/WindowsStandaloneSupport/UnityEditor.WindowsStandalone.Extensions.dll
Registered in 0.004892 seconds.
- Loaded All Assemblies, in  0.309 seconds
Native extension for WindowsStandalone target not found
Mono: successfully reloaded assembly
- Finished resetting the current domain, in  0.281 seconds
Domain Reload Profiling: 589ms
	BeginReloadAssembly (94ms)
		ExecutionOrderSort (0ms)
		DisableScriptedObjects (0ms)
		BackupInstance (0ms)
		ReleaseScriptingObjects (0ms)
		CreateAndSetChildDomain (1ms)
	RebuildCommonClasses (32ms)
	RebuildNativeTypeToScriptingClass (11ms)
	initialDomainReloadingComplete (50ms)
	LoadAllAssembliesAndSetupDomain (121ms)
		LoadAssemblies (93ms)
		RebuildTransferFunctionScriptingTraits (0ms)
		AnalyzeDomain (119ms)
			TypeCache.Refresh (118ms)
				TypeCache.ScanAssembly (108ms)
			ScanForSourceGeneratedMonoScriptInfo (0ms)
			ResolveRequiredComponents (0ms)
	FinalizeReload (282ms)
		ReleaseScriptCaches (0ms)
		RebuildScriptCaches (0ms)
		SetupLoadedEditorAssemblies (231ms)
			LogAssemblyErrors (0ms)
			InitializePlatformSupportModulesInManaged (7ms)
			SetLoadedEditorAssemblies (7ms)
			RefreshPlugins (0ms)
			BeforeProcessingInitializeOnLoad (2ms)
			ProcessInitializeOnLoadAttributes (162ms)
			ProcessInitializeOnLoadMethodAttributes (54ms)
			AfterProcessingInitializeOnLoad (0ms)
			EditorAssembliesLoaded (0ms)
		ExecutionOrderSort2 (0ms)
		AwakeInstancesAfterBackupRestoration (0ms)
========================================================================
Worker process is ready to serve import requests
Begin MonoManager ReloadAssembly
- Loaded All Assemblies, in  0.453 seconds
Refreshing native plugins compatible for Editor in 2.07 ms, found 3 plugins.
Native extension for WindowsStandalone target not found
Package Manager log level set to [2]
[Package Manager] Server::EnsureServerProcessIsRunning -- launch failed, reason: Unity was launched with the -noUpm command-line argument
[Package Manager] UpmClient::Send -- Unable to send message (not connected to UPM process).
[Package Manager] Cannot connect to Unity Package Manager local server
Mono: successfully reloaded assembly
- Finished resetting the current domain, in  0.448 seconds
Domain Reload Profiling: 899ms
	BeginReloadAssembly (101ms)
		ExecutionOrderSort (0ms)
		DisableScriptedObjects (3ms)
		BackupInstance (0ms)
		ReleaseScriptingObjects (0ms)
		CreateAndSetChildDomain (13ms)
	RebuildCommonClasses (22ms)
	RebuildNativeTypeToScriptingClass (7ms)
	initialDomainReloadingComplete (28ms)
	LoadAllAssembliesAndSetupDomain (293ms)
		LoadAssemblies (209ms)
		RebuildTransferFunctionScriptingTraits (0ms)
		AnalyzeDomain (144ms)
			TypeCache.Refresh (126ms)
				TypeCache.ScanAssembly (116ms)
			ScanForSourceGeneratedMonoScriptInfo (13ms)
			ResolveRequiredComponents (4ms)
	FinalizeReload (448ms)
		ReleaseScriptCaches (0ms)
		RebuildScriptCaches (0ms)
		SetupLoadedEditorAssemblies (344ms)
			LogAssemblyErrors (0ms)
			InitializePlatformSupportModulesInManaged (4ms)
			SetLoadedEditorAssemblies (4ms)
			RefreshPlugins (0ms)
			BeforeProcessingInitializeOnLoad (50ms)
			ProcessInitializeOnLoadAttributes (235ms)
			ProcessInitializeOnLoadMethodAttributes (45ms)
			AfterProcessingInitializeOnLoad (5ms)
			EditorAssembliesLoaded (0ms)
		ExecutionOrderSort2 (0ms)
		AwakeInstancesAfterBackupRestoration (5ms)
Failed to load shader (instanceID 472, GUID 4386e57b23a56004c93e1d57d2bbcb4f)
Failed to load shader (instanceID 420, GUID 4bf4cff0d0bac3d43894e2e8839feb40)
Launched and connected shader compiler UnityShaderCompiler.exe after 0.02 seconds
Refreshing native plugins compatible for Editor in 1.93 ms, found 3 plugins.
Preloading 0 native plugins for Editor in 0.00 ms.
Unloading 4120 Unused Serialized files (Serialized files now loaded: 0)
Unloading 52 unused Assets / (1.7 MB). Loaded Objects now: 4572.
Memory consumption went from 159.1 MB to 157.4 MB.
Total: 2.607700 ms (FindLiveObjects: 0.213400 ms CreateObjectMapping: 0.084500 ms MarkObjects: 2.006800 ms  DeleteObjects: 0.302200 ms)

AssetImportParameters requested are different than current active one (requested -> active):
  custom:container-demuxer-ogg: 62fdf1f143b41e24485cea50d1cbac27 -> 
  custom:video-codec-MediaFoundation-h265: 746d11721c4dcdbdad8f713fa42b33f4 -> 
  custom:video-decoder-ogg-theora: a1e56fd34408186e4bbccfd4996cb3dc -> 
  custom:framework-win-MediaFoundation: 216162199b28c13a410421893ffa2e32 -> 
  custom:CustomObjectIndexerAttribute: 9a22284fe3817be447336de3de66b15e -> 
  custom:container-demuxer-webm: 4f35f7cbe854078d1ac9338744f61a02 -> 
  custom:container-muxer-webm: aa71ff27fc2769a1b78a27578f13a17b -> 
  custom:video-decoder-webm-vp8: 9c59270c3fd7afecdb556c50c9e8de78 -> 
  custom:SearchIndexIgnoredProperties: e643bd26f0fe6173181afceb89e7c659 -> 
  custom:AudioImporter_EditorPlatform: d09bf68614088b80899f8185d706f6e7 -> 
  custom:video-encoder-webm-vp8: eb34c28f22e8b96e1ab97ce403110664 -> 
  custom:audio-decoder-ogg-vorbis: bf7c407c2cedff20999df2af8eb42d56 -> 
  custom:audio-encoder-webm-vorbis: bf7c407c2cedff20999df2af8eb42d56 -> 
========================================================================
Received Import Request.
  Time since last request: 27400.997120 seconds.
  path: Assets/Class2th (Script)/Blink/Art/Animals/Stylized/Bear/Bear_Materials/Bear_4.mat
  artifactKey: Guid(b614f09dade340f4aa841aafe3df42b9) Importer(815301076,1909f56bfc062723c751e8b465ee728b)
Start importing Assets/Class2th (Script)/Blink/Art/Animals/Stylized/Bear/Bear_Materials/Bear_4.mat using Guid(b614f09dade340f4aa841aafe3df42b9) Importer(815301076,1909f56bfc062723c751e8b465ee728b)  -> (artifact id: '641e0d1a183cd1676c08a2d3ddf878c4') in 0.108245 seconds
Number of updated asset objects reloaded before import = 0
Number of asset objects unloaded after import = 5
========================================================================
Received Import Request.
  Time since last request: 10.320069 seconds.
  path: Assets/Class1th (Gizmo System)/Quirky Series Ultimate/FREE/Animations/Gecko_Animations.fbx
  artifactKey: Guid(fb72e4aa9961d99409ba17815d02cc88) Importer(815301076,1909f56bfc062723c751e8b465ee728b)
Start importing Assets/Class1th (Gizmo System)/Quirky Series Ultimate/FREE/Animations/Gecko_Animations.fbx using Guid(fb72e4aa9961d99409ba17815d02cc88) Importer(815301076,1909f56bfc062723c751e8b465ee728b)  -> (artifact id: '999644bc0326aad5dbe818fdb6710e34') in 0.066791 seconds
Number of updated asset objects reloaded before import = 0
Number of asset objects unloaded after import = 48
========================================================================
Received Import Request.
  Time since last request: 1.598736 seconds.
  path: Assets/Class1th (Gizmo System)/Quirky Series Ultimate/FREE/Animations/Herring_Animations.fbx
  artifactKey: Guid(0b04b4ee27b36df4c94e4df3ea384a9f) Importer(815301076,1909f56bfc062723c751e8b465ee728b)
Start importing Assets/Class1th (Gizmo System)/Quirky Series Ultimate/FREE/Animations/Herring_Animations.fbx using Guid(0b04b4ee27b36df4c94e4df3ea384a9f) Importer(815301076,1909f56bfc062723c751e8b465ee728b)  -> (artifact id: '02f2e3ef2a814a0bec64850a752f152a') in 0.054684 seconds
Number of updated asset objects reloaded before import = 0
Number of asset objects unloaded after import = 49
========================================================================
Received Import Request.
  Time since last request: 0.375912 seconds.
  path: Assets/Class1th (Gizmo System)/Quirky Series Ultimate/FREE/Materials/M_Muskrat.mat
  artifactKey: Guid(71824330e53acb448a9f9c1f4cfc7aee) Importer(815301076,1909f56bfc062723c751e8b465ee728b)
Start importing Assets/Class1th (Gizmo System)/Quirky Series Ultimate/FREE/Materials/M_Muskrat.mat using Guid(71824330e53acb448a9f9c1f4cfc7aee) Importer(815301076,1909f56bfc062723c751e8b465ee728b)  -> (artifact id: '55442dccec78259f569db2466e422275') in 0.086707 seconds
Number of updated asset objects reloaded before import = 0
Number of asset objects unloaded after import = 2
========================================================================
Received Import Request.
  Time since last request: 0.926393 seconds.
  path: Assets/Class1th (Gizmo System)/Quirky Series Ultimate/FREE/Materials/M_Pudu.mat
  artifactKey: Guid(efb81d917c9bfa34f98e2e93ae65b97d) Importer(815301076,1909f56bfc062723c751e8b465ee728b)
Start importing Assets/Class1th (Gizmo System)/Quirky Series Ultimate/FREE/Materials/M_Pudu.mat using Guid(efb81d917c9bfa34f98e2e93ae65b97d) Importer(815301076,1909f56bfc062723c751e8b465ee728b)  -> (artifact id: 'a6d09f9a1503af8b6c6b8d4c53677ce1') in 0.009157 seconds
Number of updated asset objects reloaded before import = 0
Number of asset objects unloaded after import = 2
========================================================================
Received Import Request.
  Time since last request: 10.298213 seconds.
  path: Assets/Class1th (Gizmo System)/Quirky Series Ultimate/FREE/Materials/M_Sparrow.mat
  artifactKey: Guid(797669773fa10544383b7822df49f5d9) Importer(815301076,1909f56bfc062723c751e8b465ee728b)
Start importing Assets/Class1th (Gizmo System)/Quirky Series Ultimate/FREE/Materials/M_Sparrow.mat using Guid(797669773fa10544383b7822df49f5d9) Importer(815301076,1909f56bfc062723c751e8b465ee728b)  -> (artifact id: '0a0fc01e4b93f7baaab1383574ae72cf') in 0.007836 seconds
Number of updated asset objects reloaded before import = 0
Number of asset objects unloaded after import = 2
========================================================================
Received Import Request.
  Time since last request: 0.123644 seconds.
  path: Assets/Class1th (Gizmo System)/Quirky Series Ultimate/FREE/Animations/Squid_Animations.fbx
  artifactKey: Guid(f2c84b0c526b37c45806428bb221b269) Importer(815301076,1909f56bfc062723c751e8b465ee728b)
Start importing Assets/Class1th (Gizmo System)/Quirky Series Ultimate/FREE/Animations/Squid_Animations.fbx using Guid(f2c84b0c526b37c45806428bb221b269) Importer(815301076,1909f56bfc062723c751e8b465ee728b)  -> (artifact id: '6392c86df8b476173ea8f18bfbf1a25d') in 0.044769 seconds
Number of updated asset objects reloaded before import = 0
Number of asset objects unloaded after import = 67
========================================================================
Received Import Request.
  Time since last request: 0.058081 seconds.
  path: Assets/Class1th (Gizmo System)/Quirky Series Ultimate/FREE/Animations/Taipan_Animations.fbx
  artifactKey: Guid(1c77555fce85aa74da16fd6cadfac6b8) Importer(815301076,1909f56bfc062723c751e8b465ee728b)
Start importing Assets/Class1th (Gizmo System)/Quirky Series Ultimate/FREE/Animations/Taipan_Animations.fbx using Guid(1c77555fce85aa74da16fd6cadfac6b8) Importer(815301076,1909f56bfc062723c751e8b465ee728b)  -> (artifact id: 'c151fc7d8da0765f4694ccc630c65f91') in 0.042099 seconds
Number of updated asset objects reloaded before import = 0
Number of asset objects unloaded after import = 48
========================================================================
Received Import Request.
  Time since last request: 18.770504 seconds.
  path: Assets/Class3th (Life Cycle)/Scenes/Class 3th Scene.unity
  artifactKey: Guid(862b6701a4ba4d54bbd3fee63b2ac52e) Importer(815301076,1909f56bfc062723c751e8b465ee728b)
Start importing Assets/Class3th (Life Cycle)/Scenes/Class 3th Scene.unity using Guid(862b6701a4ba4d54bbd3fee63b2ac52e) Importer(815301076,1909f56bfc062723c751e8b465ee728b)  -> (artifact id: '61bf82608d2ba45a6c8fcf02455e6799') in 0.000524 seconds
Number of updated asset objects reloaded before import = 0
Number of asset objects unloaded after import = 0
========================================================================
Received Import Request.
  Time since last request: 1.472169 seconds.
  path: Assets/Class3th (Life Cycle)/Scripts/Life.cs
  artifactKey: Guid(e6d8a3a44ec56ac408075ad4fa3773a0) Importer(815301076,1909f56bfc062723c751e8b465ee728b)
Start importing Assets/Class3th (Life Cycle)/Scripts/Life.cs using Guid(e6d8a3a44ec56ac408075ad4fa3773a0) Importer(815301076,1909f56bfc062723c751e8b465ee728b)  -> (artifact id: '0051c69307bc3f9252f9f46cdbb9fa4a') in 0.000432 seconds
Number of updated asset objects reloaded before import = 0
Number of asset objects unloaded after import = 0
========================================================================
Received Import Request.
  Time since last request: 24.934281 seconds.
  path: Assets/Class3th (Life Cycle)/LaFinca/Midgard Skybox/Cubemaps/Midgard Cubemap 03.png
  artifactKey: Guid(ca194e60ec72e8a4bb1a623725e3fc22) Importer(815301076,1909f56bfc062723c751e8b465ee728b)
Start importing Assets/Class3th (Life Cycle)/LaFinca/Midgard Skybox/Cubemaps/Midgard Cubemap 03.png using Guid(ca194e60ec72e8a4bb1a623725e3fc22) Importer(815301076,1909f56bfc062723c751e8b465ee728b)  -> (artifact id: '07ab7586a7376c461dac755308782372') in 0.000477 seconds
Number of updated asset objects reloaded before import = 0
Number of asset objects unloaded after import = 0
========================================================================
Received Import Request.
  Time since last request: 0.001043 seconds.
  path: Assets/Class3th (Life Cycle)/LaFinca/Midgard Skybox/Cubemaps/Midgard Cubemap 04.png
  artifactKey: Guid(f09eb56e8b93ce743b4c53c183b193dc) Importer(815301076,1909f56bfc062723c751e8b465ee728b)
Start importing Assets/Class3th (Life Cycle)/LaFinca/Midgard Skybox/Cubemaps/Midgard Cubemap 04.png using Guid(f09eb56e8b93ce743b4c53c183b193dc) Importer(815301076,1909f56bfc062723c751e8b465ee728b)  -> (artifact id: '255bd6cd970f3640d610cb7f4c45c109') in 0.000404 seconds
Number of updated asset objects reloaded before import = 0
Number of asset objects unloaded after import = 0
========================================================================
Received Import Request.
  Time since last request: 0.004289 seconds.
  path: Assets/Class3th (Life Cycle)/LaFinca/Midgard Skybox/Cubemaps/Midgard Cubemap 06.png
  artifactKey: Guid(3c1f3541a0aa699449de0044852ca2c4) Importer(815301076,1909f56bfc062723c751e8b465ee728b)
Start importing Assets/Class3th (Life Cycle)/LaFinca/Midgard Skybox/Cubemaps/Midgard Cubemap 06.png using Guid(3c1f3541a0aa699449de0044852ca2c4) Importer(815301076,1909f56bfc062723c751e8b465ee728b)  -> (artifact id: '87442ed5d332b8915ed7a647066a6c5c') in 0.000748 seconds
Number of updated asset objects reloaded before import = 0
Number of asset objects unloaded after import = 0
========================================================================
Received Import Request.
  Time since last request: 0.000016 seconds.
  path: Assets/Class3th (Life Cycle)/LaFinca/Midgard Skybox/Cubemaps/Midgard Cubemap 10.png
  artifactKey: Guid(faad58a89b3e8d94fb5ed66534406761) Importer(815301076,1909f56bfc062723c751e8b465ee728b)
Start importing Assets/Class3th (Life Cycle)/LaFinca/Midgard Skybox/Cubemaps/Midgard Cubemap 10.png using Guid(faad58a89b3e8d94fb5ed66534406761) Importer(815301076,1909f56bfc062723c751e8b465ee728b)  -> (artifact id: '83a1fdebc4a4fca71d7d9b874b36d6f3') in 0.000548 seconds
Number of updated asset objects reloaded before import = 0
Number of asset objects unloaded after import = 0
========================================================================
Received Import Request.
  Time since last request: 0.000045 seconds.
  path: Assets/Class3th (Life Cycle)/LaFinca/Midgard Skybox/Cubemaps/Midgard Cubemap 17.png
  artifactKey: Guid(b009d79ca0d32244084a0400a13fc679) Importer(815301076,1909f56bfc062723c751e8b465ee728b)
Start importing Assets/Class3th (Life Cycle)/LaFinca/Midgard Skybox/Cubemaps/Midgard Cubemap 17.png using Guid(b009d79ca0d32244084a0400a13fc679) Importer(815301076,1909f56bfc062723c751e8b465ee728b)  -> (artifact id: '7cc565f9a4e0dfdc715c8c0de6e8ec5f') in 0.095886 seconds
Number of updated asset objects reloaded before import = 0
Number of asset objects unloaded after import = 1
========================================================================
Received Import Request.
  Time since last request: 0.000022 seconds.
  path: Assets/Class3th (Life Cycle)/LaFinca/Midgard Skybox/Cubemaps/Midgard Cubemap 12.png
  artifactKey: Guid(80e3e505e27ede14eaadcdacb9ef66fe) Importer(815301076,1909f56bfc062723c751e8b465ee728b)
Start importing Assets/Class3th (Life Cycle)/LaFinca/Midgard Skybox/Cubemaps/Midgard Cubemap 12.png using Guid(80e3e505e27ede14eaadcdacb9ef66fe) Importer(815301076,1909f56bfc062723c751e8b465ee728b)  -> (artifact id: '95a02c765dc7029ab7928c0180d136a7') in 0.000527 seconds
Number of updated asset objects reloaded before import = 0
Number of asset objects unloaded after import = 0
========================================================================
Received Import Request.
  Time since last request: 0.000054 seconds.
  path: Assets/Class3th (Life Cycle)/LaFinca/Midgard Skybox/Cubemaps/Midgard Cubemap 14.png
  artifactKey: Guid(1afa3bb09929ac146885ce34fa3ad643) Importer(815301076,1909f56bfc062723c751e8b465ee728b)
Start importing Assets/Class3th (Life Cycle)/LaFinca/Midgard Skybox/Cubemaps/Midgard Cubemap 14.png using Guid(1afa3bb09929ac146885ce34fa3ad643) Importer(815301076,1909f56bfc062723c751e8b465ee728b)  -> (artifact id: '1ec4aa14fc1289dc651c4cd6f951db77') in 0.072127 seconds
Number of updated asset objects reloaded before import = 0
Number of asset objects unloaded after import = 1
========================================================================
Received Import Request.
  Time since last request: 0.000024 seconds.
  path: Assets/Class3th (Life Cycle)/LaFinca/Midgard Skybox/Cubemaps/Midgard Cubemap 07.png
  artifactKey: Guid(a843e06bc51a41c4dbc61b7ebe1875f7) Importer(815301076,1909f56bfc062723c751e8b465ee728b)
Start importing Assets/Class3th (Life Cycle)/LaFinca/Midgard Skybox/Cubemaps/Midgard Cubemap 07.png using Guid(a843e06bc51a41c4dbc61b7ebe1875f7) Importer(815301076,1909f56bfc062723c751e8b465ee728b)  -> (artifact id: '9dacea55bbbd588bf9a33b1ba50decf6') in 0.000545 seconds
Number of updated asset objects reloaded before import = 0
Number of asset objects unloaded after import = 0
Editor requested this worker to shutdown with reason: Scaling down because of idle timeout
TcpMessagingSession - receive error: operation aborted. errorcode: 995, details: 스레드 종료 또는 응용 프로그램 요청 때문에 I/O 작업이 취소되었습니다.
AssetImportWorker is now disconnected from the server
Process exiting
Exiting without the bug reporter. Application will terminate with return code 0