Using pre-set license
Built from '2022.3/staging' branch; Version is '2022.3.22f1 (887be4894c44) revision 8944612'; Using compiler version '192829333'; Build Type 'Release'
OS: 'Windows 11  (10.0.22631) 64bit Core' Language: 'ko' Physical Memory: 32621 MB
BatchMode: 1, IsHumanControllingUs: 0, StartBugReporterOnCrash: 0, Is64bit: 1, IsPro: 1

COMMAND LINE ARGUMENTS:
C:\Program Files\Unity 2022.3.22f1\Editor\Unity.exe
-adb2
-batchMode
-noUpm
-name
AssetImportWorker0
-projectPath
C:/Users/PC/Desktop/Unity-Lecture/Program
-logFile
Logs/AssetImportWorker0.log
-srvPort
4733
Successfully changed project path to: C:/Users/PC/Desktop/Unity-Lecture/Program
C:/Users/PC/Desktop/Unity-Lecture/Program
[UnityMemory] Configuration Parameters - Can be set up in boot.config
    "memorysetup-bucket-allocator-granularity=16"
    "memorysetup-bucket-allocator-bucket-count=8"
    "memorysetup-bucket-allocator-block-size=33554432"
    "memorysetup-bucket-allocator-block-count=8"
    "memorysetup-main-allocator-block-size=16777216"
    "memorysetup-thread-allocator-block-size=16777216"
    "memorysetup-gfx-main-allocator-block-size=16777216"
    "memorysetup-gfx-thread-allocator-block-size=16777216"
    "memorysetup-cache-allocator-block-size=4194304"
    "memorysetup-typetree-allocator-block-size=2097152"
    "memorysetup-profiler-bucket-allocator-granularity=16"
    "memorysetup-profiler-bucket-allocator-bucket-count=8"
    "memorysetup-profiler-bucket-allocator-block-size=33554432"
    "memorysetup-profiler-bucket-allocator-block-count=8"
    "memorysetup-profiler-allocator-block-size=16777216"
    "memorysetup-profiler-editor-allocator-block-size=1048576"
    "memorysetup-temp-allocator-size-main=16777216"
    "memorysetup-job-temp-allocator-block-size=2097152"
    "memorysetup-job-temp-allocator-block-size-background=1048576"
    "memorysetup-job-temp-allocator-reduction-small-platforms=262144"
    "memorysetup-allocator-temp-initial-block-size-main=262144"
    "memorysetup-allocator-temp-initial-block-size-worker=262144"
    "memorysetup-temp-allocator-size-background-worker=32768"
    "memorysetup-temp-allocator-size-job-worker=262144"
    "memorysetup-temp-allocator-size-preload-manager=33554432"
    "memorysetup-temp-allocator-size-nav-mesh-worker=65536"
    "memorysetup-temp-allocator-size-audio-worker=65536"
    "memorysetup-temp-allocator-size-cloud-worker=32768"
    "memorysetup-temp-allocator-size-gi-baking-worker=262144"
    "memorysetup-temp-allocator-size-gfx=262144"
Player connection [19028] Host "[IP] 192.168.45.236 [Port] 0 [Flags] 2 [Guid] 1788169507 [EditorId] 1788169507 [Version] 1048832 [Id] WindowsEditor(7,DESKTOP-74JCUV3) [Debug] 1 [PackageName] WindowsEditor [ProjectName] Editor" joined multi-casting on [225.0.0.222:54997]...

Player connection [19028] Host "[IP] 192.168.45.236 [Port] 0 [Flags] 2 [Guid] 1788169507 [EditorId] 1788169507 [Version] 1048832 [Id] WindowsEditor(7,DESKTOP-74JCUV3) [Debug] 1 [PackageName] WindowsEditor [ProjectName] Editor" joined alternative multi-casting on [225.0.0.222:34997]...

[Physics::Module] Initialized MultithreadedJobDispatcher with 11 workers.
Refreshing native plugins compatible for Editor in 6.43 ms, found 3 plugins.
Preloading 0 native plugins for Editor in 0.00 ms.
Initialize engine version: 2022.3.22f1 (887be4894c44)
[Subsystems] Discovering subsystems at path C:/Program Files/Unity 2022.3.22f1/Editor/Data/Resources/UnitySubsystems
[Subsystems] Discovering subsystems at path C:/Users/PC/Desktop/Unity-Lecture/Program/Assets
GfxDevice: creating device client; threaded=0; jobified=0
Direct3D:
    Version:  Direct3D 11.0 [level 11.1]
    Renderer: NVIDIA GeForce RTX 4060 (ID=0x2882)
    Vendor:   NVIDIA
    VRAM:     7957 MB
    Driver:   32.0.15.6081
Initialize mono
Mono path[0] = 'C:/Program Files/Unity 2022.3.22f1/Editor/Data/Managed'
Mono path[1] = 'C:/Program Files/Unity 2022.3.22f1/Editor/Data/MonoBleedingEdge/lib/mono/unityjit-win32'
Mono config path = 'C:/Program Files/Unity 2022.3.22f1/Editor/Data/MonoBleedingEdge/etc'
Using monoOptions --debugger-agent=transport=dt_socket,embedding=1,server=y,suspend=n,address=127.0.0.1:56168
Begin MonoManager ReloadAssembly
Registering precompiled unity dll's ...
Register platform support module: C:/Program Files/Unity 2022.3.22f1/Editor/Data/PlaybackEngines/WindowsStandaloneSupport/UnityEditor.WindowsStandalone.Extensions.dll
Registered in 0.005236 seconds.
- Loaded All Assemblies, in  0.293 seconds
Native extension for WindowsStandalone target not found
Mono: successfully reloaded assembly
- Finished resetting the current domain, in  0.237 seconds
Domain Reload Profiling: 529ms
	BeginReloadAssembly (93ms)
		ExecutionOrderSort (0ms)
		DisableScriptedObjects (0ms)
		BackupInstance (0ms)
		ReleaseScriptingObjects (0ms)
		CreateAndSetChildDomain (1ms)
	RebuildCommonClasses (28ms)
	RebuildNativeTypeToScriptingClass (12ms)
	initialDomainReloadingComplete (50ms)
	LoadAllAssembliesAndSetupDomain (110ms)
		LoadAssemblies (91ms)
		RebuildTransferFunctionScriptingTraits (0ms)
		AnalyzeDomain (108ms)
			TypeCache.Refresh (107ms)
				TypeCache.ScanAssembly (97ms)
			ScanForSourceGeneratedMonoScriptInfo (0ms)
			ResolveRequiredComponents (0ms)
	FinalizeReload (237ms)
		ReleaseScriptCaches (0ms)
		RebuildScriptCaches (0ms)
		SetupLoadedEditorAssemblies (185ms)
			LogAssemblyErrors (0ms)
			InitializePlatformSupportModulesInManaged (9ms)
			SetLoadedEditorAssemblies (6ms)
			RefreshPlugins (0ms)
			BeforeProcessingInitializeOnLoad (2ms)
			ProcessInitializeOnLoadAttributes (124ms)
			ProcessInitializeOnLoadMethodAttributes (44ms)
			AfterProcessingInitializeOnLoad (0ms)
			EditorAssembliesLoaded (0ms)
		ExecutionOrderSort2 (0ms)
		AwakeInstancesAfterBackupRestoration (0ms)
========================================================================
Worker process is ready to serve import requests
Begin MonoManager ReloadAssembly
- Loaded All Assemblies, in  0.552 seconds
Refreshing native plugins compatible for Editor in 2.50 ms, found 3 plugins.
Native extension for WindowsStandalone target not found
Package Manager log level set to [2]
[Package Manager] Server::EnsureServerProcessIsRunning -- launch failed, reason: Unity was launched with the -noUpm command-line argument
[Package Manager] UpmClient::Send -- Unable to send message (not connected to UPM process).
[Package Manager] Cannot connect to Unity Package Manager local server
Mono: successfully reloaded assembly
- Finished resetting the current domain, in  0.564 seconds
Domain Reload Profiling: 1114ms
	BeginReloadAssembly (124ms)
		ExecutionOrderSort (0ms)
		DisableScriptedObjects (4ms)
		BackupInstance (0ms)
		ReleaseScriptingObjects (0ms)
		CreateAndSetChildDomain (18ms)
	RebuildCommonClasses (29ms)
	RebuildNativeTypeToScriptingClass (8ms)
	initialDomainReloadingComplete (35ms)
	LoadAllAssembliesAndSetupDomain (352ms)
		LoadAssemblies (252ms)
		RebuildTransferFunctionScriptingTraits (0ms)
		AnalyzeDomain (177ms)
			TypeCache.Refresh (154ms)
				TypeCache.ScanAssembly (140ms)
			ScanForSourceGeneratedMonoScriptInfo (17ms)
			ResolveRequiredComponents (5ms)
	FinalizeReload (565ms)
		ReleaseScriptCaches (0ms)
		RebuildScriptCaches (0ms)
		SetupLoadedEditorAssemblies (423ms)
			LogAssemblyErrors (0ms)
			InitializePlatformSupportModulesInManaged (4ms)
			SetLoadedEditorAssemblies (4ms)
			RefreshPlugins (0ms)
			BeforeProcessingInitializeOnLoad (57ms)
			ProcessInitializeOnLoadAttributes (293ms)
			ProcessInitializeOnLoadMethodAttributes (58ms)
			AfterProcessingInitializeOnLoad (6ms)
			EditorAssembliesLoaded (0ms)
		ExecutionOrderSort2 (0ms)
		AwakeInstancesAfterBackupRestoration (7ms)
Failed to load shader (instanceID 472, GUID 4386e57b23a56004c93e1d57d2bbcb4f)
Failed to load shader (instanceID 420, GUID 4bf4cff0d0bac3d43894e2e8839feb40)
Launched and connected shader compiler UnityShaderCompiler.exe after 0.03 seconds
Refreshing native plugins compatible for Editor in 3.64 ms, found 3 plugins.
Preloading 0 native plugins for Editor in 0.00 ms.
Unloading 4120 Unused Serialized files (Serialized files now loaded: 0)
Unloading 52 unused Assets / (1.7 MB). Loaded Objects now: 4572.
Memory consumption went from 159.2 MB to 157.5 MB.
Total: 3.745100 ms (FindLiveObjects: 0.312000 ms CreateObjectMapping: 0.365200 ms MarkObjects: 2.657100 ms  DeleteObjects: 0.409800 ms)

AssetImportParameters requested are different than current active one (requested -> active):
  custom:container-demuxer-ogg: 62fdf1f143b41e24485cea50d1cbac27 -> 
  custom:video-codec-MediaFoundation-h265: 746d11721c4dcdbdad8f713fa42b33f4 -> 
  custom:video-decoder-ogg-theora: a1e56fd34408186e4bbccfd4996cb3dc -> 
  custom:framework-win-MediaFoundation: 216162199b28c13a410421893ffa2e32 -> 
  custom:CustomObjectIndexerAttribute: 9a22284fe3817be447336de3de66b15e -> 
  custom:container-demuxer-webm: 4f35f7cbe854078d1ac9338744f61a02 -> 
  custom:container-muxer-webm: aa71ff27fc2769a1b78a27578f13a17b -> 
  custom:video-decoder-webm-vp8: 9c59270c3fd7afecdb556c50c9e8de78 -> 
  custom:SearchIndexIgnoredProperties: e643bd26f0fe6173181afceb89e7c659 -> 
  custom:AudioImporter_EditorPlatform: d09bf68614088b80899f8185d706f6e7 -> 
  custom:video-encoder-webm-vp8: eb34c28f22e8b96e1ab97ce403110664 -> 
  custom:audio-decoder-ogg-vorbis: bf7c407c2cedff20999df2af8eb42d56 -> 
  custom:audio-encoder-webm-vorbis: bf7c407c2cedff20999df2af8eb42d56 -> 
========================================================================
Received Import Request.
  Time since last request: 27355.593286 seconds.
  path: Assets/Class3th (Life Cycle)/CrowArt - PBR Cardboard Box/Models/Cardboard_box_1.fbx
  artifactKey: Guid(e8ffcb9c31ba4f04fa5e284aad39d64a) Importer(815301076,1909f56bfc062723c751e8b465ee728b)
Start importing Assets/Class3th (Life Cycle)/CrowArt - PBR Cardboard Box/Models/Cardboard_box_1.fbx using Guid(e8ffcb9c31ba4f04fa5e284aad39d64a) Importer(815301076,1909f56bfc062723c751e8b465ee728b)  -> (artifact id: '0d4b9e3cde4535fedb1bc23572f4115e') in 0.114325 seconds
Number of updated asset objects reloaded before import = 0
Number of asset objects unloaded after import = 7
========================================================================
Received Import Request.
  Time since last request: 0.000022 seconds.
  path: Assets/Class3th (Life Cycle)/CrowArt - PBR Cardboard Box/Textures/t_box_1_occlusion.png
  artifactKey: Guid(9777ae72feed8024697cc5d4e9bb008d) Importer(815301076,1909f56bfc062723c751e8b465ee728b)
Start importing Assets/Class3th (Life Cycle)/CrowArt - PBR Cardboard Box/Textures/t_box_1_occlusion.png using Guid(9777ae72feed8024697cc5d4e9bb008d) Importer(815301076,1909f56bfc062723c751e8b465ee728b)  -> (artifact id: 'a33aafd4f24f911f8ffea88c1361fa0f') in 0.013663 seconds
Number of updated asset objects reloaded before import = 0
Number of asset objects unloaded after import = 2
========================================================================
Received Import Request.
  Time since last request: 0.000016 seconds.
  path: Assets/Class3th (Life Cycle)/CrowArt - PBR Cardboard Box/Textures/t_box_1_albedo.png
  artifactKey: Guid(9e839d8d0f0a27f4e95db6f1b4eb1cf3) Importer(815301076,1909f56bfc062723c751e8b465ee728b)
Start importing Assets/Class3th (Life Cycle)/CrowArt - PBR Cardboard Box/Textures/t_box_1_albedo.png using Guid(9e839d8d0f0a27f4e95db6f1b4eb1cf3) Importer(815301076,1909f56bfc062723c751e8b465ee728b)  -> (artifact id: '8d10850d6d6f95a896bcb9755498548a') in 0.009219 seconds
Number of updated asset objects reloaded before import = 0
Number of asset objects unloaded after import = 2
========================================================================
Received Import Request.
  Time since last request: 0.000013 seconds.
  path: Assets/Class3th (Life Cycle)/CrowArt - PBR Cardboard Box/Prefabs/CarboardBox_1.prefab
  artifactKey: Guid(c350023b68bece943928351ad0df5c3a) Importer(815301076,1909f56bfc062723c751e8b465ee728b)
Start importing Assets/Class3th (Life Cycle)/CrowArt - PBR Cardboard Box/Prefabs/CarboardBox_1.prefab using Guid(c350023b68bece943928351ad0df5c3a) Importer(815301076,1909f56bfc062723c751e8b465ee728b)  -> (artifact id: '06ccc0d559bd5bd15cedac23f8ed891b') in 0.020426 seconds
Number of updated asset objects reloaded before import = 0
Number of asset objects unloaded after import = 13
========================================================================
Received Import Request.
  Time since last request: 0.215855 seconds.
  path: Assets/Class3th (Life Cycle)/CrowArt - PBR Cardboard Box/Materials/m_cardboardBox_1.mat
  artifactKey: Guid(ccdf908219c056e47b7042e940f76eea) Importer(815301076,1909f56bfc062723c751e8b465ee728b)
Start importing Assets/Class3th (Life Cycle)/CrowArt - PBR Cardboard Box/Materials/m_cardboardBox_1.mat using Guid(ccdf908219c056e47b7042e940f76eea) Importer(815301076,1909f56bfc062723c751e8b465ee728b)  -> (artifact id: 'b1d05c496071d33725dda9252eec2d39') in 0.028349 seconds
Number of updated asset objects reloaded before import = 0
Number of asset objects unloaded after import = 5
========================================================================
Received Import Request.
  Time since last request: 0.000014 seconds.
  path: Assets/Class3th (Life Cycle)/CrowArt - PBR Cardboard Box/Materials/t_box_1_normal.mat
  artifactKey: Guid(ab37c67b0fbc13e468be269edf520503) Importer(815301076,1909f56bfc062723c751e8b465ee728b)
Start importing Assets/Class3th (Life Cycle)/CrowArt - PBR Cardboard Box/Materials/t_box_1_normal.mat using Guid(ab37c67b0fbc13e468be269edf520503) Importer(815301076,1909f56bfc062723c751e8b465ee728b)  -> (artifact id: '18774ba0729f3d0415b590b73070065c') in 0.008926 seconds
Number of updated asset objects reloaded before import = 0
Number of asset objects unloaded after import = 2
========================================================================
Received Import Request.
  Time since last request: 44.984054 seconds.
  path: Assets/Class2th (Script)/Blink/Art/Animals/Stylized/Bear/Bear_Meshes/Bear.fbx
  artifactKey: Guid(b7822eb5951163b48830b6d9bcbf48b4) Importer(815301076,1909f56bfc062723c751e8b465ee728b)
Start importing Assets/Class2th (Script)/Blink/Art/Animals/Stylized/Bear/Bear_Meshes/Bear.fbx using Guid(b7822eb5951163b48830b6d9bcbf48b4) Importer(815301076,1909f56bfc062723c751e8b465ee728b)  -> (artifact id: 'fc15de4bf9354fa480faf4c719f8a8a6') in 0.031491 seconds
Number of updated asset objects reloaded before import = 0
Number of asset objects unloaded after import = 139
========================================================================
Received Import Request.
  Time since last request: 0.000013 seconds.
  path: Assets/Class1th (Gizmo System)/Quirky Series Ultimate/FREE/Animations/Colobus_Animations.fbx
  artifactKey: Guid(b7b20bc931c427e46a8b1918db64e552) Importer(815301076,1909f56bfc062723c751e8b465ee728b)
Start importing Assets/Class1th (Gizmo System)/Quirky Series Ultimate/FREE/Animations/Colobus_Animations.fbx using Guid(b7b20bc931c427e46a8b1918db64e552) Importer(815301076,1909f56bfc062723c751e8b465ee728b)  -> (artifact id: 'b82ad59751365676d9f4365f468bf1f7') in 0.022752 seconds
Number of updated asset objects reloaded before import = 0
Number of asset objects unloaded after import = 52
========================================================================
Received Import Request.
  Time since last request: 0.000019 seconds.
  path: Assets/Class1th (Gizmo System)/Quirky Series Ultimate/FREE/Materials/M_Colobus.mat
  artifactKey: Guid(fd1c8abba3cacb847a1c1796d0d8257d) Importer(815301076,1909f56bfc062723c751e8b465ee728b)
Start importing Assets/Class1th (Gizmo System)/Quirky Series Ultimate/FREE/Materials/M_Colobus.mat using Guid(fd1c8abba3cacb847a1c1796d0d8257d) Importer(815301076,1909f56bfc062723c751e8b465ee728b)  -> (artifact id: '26035a31942873280f982848ab6b0e67') in 0.012630 seconds
Number of updated asset objects reloaded before import = 0
Number of asset objects unloaded after import = 2
========================================================================
Received Import Request.
  Time since last request: 10.370636 seconds.
  path: Assets/Class1th (Gizmo System)/Quirky Series Ultimate/FREE/Materials/M_Gecko.mat
  artifactKey: Guid(f65b2b5a402c648438fcffd294eb2dbe) Importer(815301076,1909f56bfc062723c751e8b465ee728b)
Start importing Assets/Class1th (Gizmo System)/Quirky Series Ultimate/FREE/Materials/M_Gecko.mat using Guid(f65b2b5a402c648438fcffd294eb2dbe) Importer(815301076,1909f56bfc062723c751e8b465ee728b)  -> (artifact id: 'f405d9d43bd8e5b7e55e4fd3c30bcac1') in 0.007551 seconds
Number of updated asset objects reloaded before import = 0
Number of asset objects unloaded after import = 2
========================================================================
Received Import Request.
  Time since last request: 1.654452 seconds.
  path: Assets/Class1th (Gizmo System)/Quirky Series Ultimate/FREE/Materials/M_Herring.mat
  artifactKey: Guid(3e8aafc24b32c3c4b894a9711d0f877b) Importer(815301076,1909f56bfc062723c751e8b465ee728b)
Start importing Assets/Class1th (Gizmo System)/Quirky Series Ultimate/FREE/Materials/M_Herring.mat using Guid(3e8aafc24b32c3c4b894a9711d0f877b) Importer(815301076,1909f56bfc062723c751e8b465ee728b)  -> (artifact id: '15aa0032594a8b0d43c8cd72c7e433d5') in 0.011876 seconds
Number of updated asset objects reloaded before import = 0
Number of asset objects unloaded after import = 2
========================================================================
Received Import Request.
  Time since last request: 0.417285 seconds.
  path: Assets/Class1th (Gizmo System)/Quirky Series Ultimate/FREE/Animations/Muskrat_Animations.fbx
  artifactKey: Guid(0f1eb8fcb39d732419a570705c23a921) Importer(815301076,1909f56bfc062723c751e8b465ee728b)
Start importing Assets/Class1th (Gizmo System)/Quirky Series Ultimate/FREE/Animations/Muskrat_Animations.fbx using Guid(0f1eb8fcb39d732419a570705c23a921) Importer(815301076,1909f56bfc062723c751e8b465ee728b)  -> (artifact id: '4dec69fe29cc821d7d9cbc91f90c57f6') in 0.036221 seconds
Number of updated asset objects reloaded before import = 0
Number of asset objects unloaded after import = 52
========================================================================
Received Import Request.
  Time since last request: 0.982010 seconds.
  path: Assets/Class1th (Gizmo System)/Quirky Series Ultimate/FREE/Animations/Pudu_Animations.fbx
  artifactKey: Guid(b33fe6572f5e9b54e85212ea4aaf5a08) Importer(815301076,1909f56bfc062723c751e8b465ee728b)
Start importing Assets/Class1th (Gizmo System)/Quirky Series Ultimate/FREE/Animations/Pudu_Animations.fbx using Guid(b33fe6572f5e9b54e85212ea4aaf5a08) Importer(815301076,1909f56bfc062723c751e8b465ee728b)  -> (artifact id: 'b228861021e14d39e3e294bc6abe6ea8') in 0.052386 seconds
Number of updated asset objects reloaded before import = 0
Number of asset objects unloaded after import = 50
========================================================================
Received Import Request.
  Time since last request: 10.253513 seconds.
  path: Assets/Class1th (Gizmo System)/Quirky Series Ultimate/FREE/Materials/M_Squid.mat
  artifactKey: Guid(b7e0d0f0399a38b4683601664afd46f5) Importer(815301076,1909f56bfc062723c751e8b465ee728b)
Start importing Assets/Class1th (Gizmo System)/Quirky Series Ultimate/FREE/Materials/M_Squid.mat using Guid(b7e0d0f0399a38b4683601664afd46f5) Importer(815301076,1909f56bfc062723c751e8b465ee728b)  -> (artifact id: '4e8217d2704356c3f6bfebf76f523cc2') in 0.008368 seconds
Number of updated asset objects reloaded before import = 0
Number of asset objects unloaded after import = 2
========================================================================
Received Import Request.
  Time since last request: 0.122071 seconds.
  path: Assets/Class1th (Gizmo System)/Quirky Series Ultimate/FREE/Materials/M_Taipan.mat
  artifactKey: Guid(9ac546314689e854b8fe7a04dee1fc86) Importer(815301076,1909f56bfc062723c751e8b465ee728b)
Start importing Assets/Class1th (Gizmo System)/Quirky Series Ultimate/FREE/Materials/M_Taipan.mat using Guid(9ac546314689e854b8fe7a04dee1fc86) Importer(815301076,1909f56bfc062723c751e8b465ee728b)  -> (artifact id: '5d56cb0b65c0d399c9df4460e8346014') in 0.007855 seconds
Number of updated asset objects reloaded before import = 0
Number of asset objects unloaded after import = 2
========================================================================
Received Import Request.
  Time since last request: 0.095044 seconds.
  path: Assets/Class1th (Gizmo System)/Quirky Series Ultimate/_Shader/URP (Unity 2019.3.0f3 and above)/SoftSurfaceGraph.shadergraph
  artifactKey: Guid(a44401f8b3d263c4e9c2ed62b3f5adff) Importer(815301076,1909f56bfc062723c751e8b465ee728b)
Start importing Assets/Class1th (Gizmo System)/Quirky Series Ultimate/_Shader/URP (Unity 2019.3.0f3 and above)/SoftSurfaceGraph.shadergraph using Guid(a44401f8b3d263c4e9c2ed62b3f5adff) Importer(815301076,1909f56bfc062723c751e8b465ee728b)  -> (artifact id: 'eddba8568769d0ef8a5bc315b2995af5') in 0.012971 seconds
Number of updated asset objects reloaded before import = 0
Number of asset objects unloaded after import = 2
========================================================================
Received Import Request.
  Time since last request: 45.212300 seconds.
  path: Assets/Class3th (Life Cycle)/LaFinca/Midgard Skybox/Cubemaps/Midgard Cubemap 05.png
  artifactKey: Guid(27c99c98561111742bcff07a25433f2e) Importer(815301076,1909f56bfc062723c751e8b465ee728b)
Start importing Assets/Class3th (Life Cycle)/LaFinca/Midgard Skybox/Cubemaps/Midgard Cubemap 05.png using Guid(27c99c98561111742bcff07a25433f2e) Importer(815301076,1909f56bfc062723c751e8b465ee728b)  -> (artifact id: 'a5711451576da7877597f8ad26f725b5') in 0.000493 seconds
Number of updated asset objects reloaded before import = 0
Number of asset objects unloaded after import = 0
========================================================================
Received Import Request.
  Time since last request: 0.003857 seconds.
  path: Assets/Class3th (Life Cycle)/LaFinca/Midgard Skybox/Cubemaps/Midgard Cubemap 08.png
  artifactKey: Guid(93e8d6b2567b32a469eaedae4a2105eb) Importer(815301076,1909f56bfc062723c751e8b465ee728b)
Start importing Assets/Class3th (Life Cycle)/LaFinca/Midgard Skybox/Cubemaps/Midgard Cubemap 08.png using Guid(93e8d6b2567b32a469eaedae4a2105eb) Importer(815301076,1909f56bfc062723c751e8b465ee728b)  -> (artifact id: '4943a537288c8142c0359d00dfe597ae') in 0.000644 seconds
Number of updated asset objects reloaded before import = 0
Number of asset objects unloaded after import = 0
========================================================================
Received Import Request.
  Time since last request: 0.000057 seconds.
  path: Assets/Class3th (Life Cycle)/LaFinca/Midgard Skybox/Cubemaps/Midgard Cubemap 11.png
  artifactKey: Guid(b6620cde3883e694fafc04c192256a3e) Importer(815301076,1909f56bfc062723c751e8b465ee728b)
Start importing Assets/Class3th (Life Cycle)/LaFinca/Midgard Skybox/Cubemaps/Midgard Cubemap 11.png using Guid(b6620cde3883e694fafc04c192256a3e) Importer(815301076,1909f56bfc062723c751e8b465ee728b)  -> (artifact id: '7e16a128c02e49fc9595121012fad3a6') in 0.000625 seconds
Number of updated asset objects reloaded before import = 0
Number of asset objects unloaded after import = 0
========================================================================
Received Import Request.
  Time since last request: 0.000018 seconds.
  path: Assets/Class3th (Life Cycle)/LaFinca/Midgard Skybox/Cubemaps/Midgard Cubemap 09.png
  artifactKey: Guid(73d0b6d5fa13a0641ac2b068ba1d452c) Importer(815301076,1909f56bfc062723c751e8b465ee728b)
Start importing Assets/Class3th (Life Cycle)/LaFinca/Midgard Skybox/Cubemaps/Midgard Cubemap 09.png using Guid(73d0b6d5fa13a0641ac2b068ba1d452c) Importer(815301076,1909f56bfc062723c751e8b465ee728b)  -> (artifact id: '7247890df71618c2466021cdc745ae4d') in 0.000559 seconds
Number of updated asset objects reloaded before import = 0
Number of asset objects unloaded after import = 0
========================================================================
Received Import Request.
  Time since last request: 0.000048 seconds.
  path: Assets/Class3th (Life Cycle)/LaFinca/Midgard Skybox/Cubemaps/Midgard Cubemap 15.png
  artifactKey: Guid(b6cfdd6cd22f66946b5a20604a1b1a4e) Importer(815301076,1909f56bfc062723c751e8b465ee728b)
Start importing Assets/Class3th (Life Cycle)/LaFinca/Midgard Skybox/Cubemaps/Midgard Cubemap 15.png using Guid(b6cfdd6cd22f66946b5a20604a1b1a4e) Importer(815301076,1909f56bfc062723c751e8b465ee728b)  -> (artifact id: '72bf56afbe583dbd35a06609abcdb458') in 0.093503 seconds
Number of updated asset objects reloaded before import = 0
Number of asset objects unloaded after import = 1
========================================================================
Received Import Request.
  Time since last request: 0.000024 seconds.
  path: Assets/Class3th (Life Cycle)/LaFinca/Midgard Skybox/Cubemaps/Midgard Cubemap 16.png
  artifactKey: Guid(aca10504c01be2642997e9df79697fb9) Importer(815301076,1909f56bfc062723c751e8b465ee728b)
Start importing Assets/Class3th (Life Cycle)/LaFinca/Midgard Skybox/Cubemaps/Midgard Cubemap 16.png using Guid(aca10504c01be2642997e9df79697fb9) Importer(815301076,1909f56bfc062723c751e8b465ee728b)  -> (artifact id: '452ebd1d35e5273c9b980455f0fca778') in 0.073756 seconds
Number of updated asset objects reloaded before import = 0
Number of asset objects unloaded after import = 1
========================================================================
Received Import Request.
  Time since last request: 0.000019 seconds.
  path: Assets/Class3th (Life Cycle)/LaFinca/Midgard Skybox/Cubemaps/Midgard Cubemap 13.png
  artifactKey: Guid(7a77a814571da9f4095da2c470aa0743) Importer(815301076,1909f56bfc062723c751e8b465ee728b)
Start importing Assets/Class3th (Life Cycle)/LaFinca/Midgard Skybox/Cubemaps/Midgard Cubemap 13.png using Guid(7a77a814571da9f4095da2c470aa0743) Importer(815301076,1909f56bfc062723c751e8b465ee728b)  -> (artifact id: 'a8875f9d75aa30bd72a12ce207c6c1af') in 0.000504 seconds
Number of updated asset objects reloaded before import = 0
Number of asset objects unloaded after import = 0
