Using pre-set license
Built from '2022.3/staging' branch; Version is '2022.3.22f1 (887be4894c44) revision 8944612'; Using compiler version '192829333'; Build Type 'Release'
OS: 'Windows 11  (10.0.22631) 64bit Core' Language: 'ko' Physical Memory: 32621 MB
BatchMode: 1, IsHumanControllingUs: 0, StartBugReporterOnCrash: 0, Is64bit: 1, IsPro: 1

COMMAND LINE ARGUMENTS:
C:\Program Files\Unity 2022.3.22f1\Editor\Unity.exe
-adb2
-batchMode
-noUpm
-name
AssetImportWorker3
-projectPath
C:/Users/PC/Desktop/Unity-Lecture/Program
-logFile
Logs/AssetImportWorker3.log
-srvPort
3623
Successfully changed project path to: C:/Users/PC/Desktop/Unity-Lecture/Program
C:/Users/PC/Desktop/Unity-Lecture/Program
[UnityMemory] Configuration Parameters - Can be set up in boot.config
    "memorysetup-bucket-allocator-granularity=16"
    "memorysetup-bucket-allocator-bucket-count=8"
    "memorysetup-bucket-allocator-block-size=33554432"
    "memorysetup-bucket-allocator-block-count=8"
    "memorysetup-main-allocator-block-size=16777216"
    "memorysetup-thread-allocator-block-size=16777216"
    "memorysetup-gfx-main-allocator-block-size=16777216"
    "memorysetup-gfx-thread-allocator-block-size=16777216"
    "memorysetup-cache-allocator-block-size=4194304"
    "memorysetup-typetree-allocator-block-size=2097152"
    "memorysetup-profiler-bucket-allocator-granularity=16"
    "memorysetup-profiler-bucket-allocator-bucket-count=8"
    "memorysetup-profiler-bucket-allocator-block-size=33554432"
    "memorysetup-profiler-bucket-allocator-block-count=8"
    "memorysetup-profiler-allocator-block-size=16777216"
    "memorysetup-profiler-editor-allocator-block-size=1048576"
    "memorysetup-temp-allocator-size-main=16777216"
    "memorysetup-job-temp-allocator-block-size=2097152"
    "memorysetup-job-temp-allocator-block-size-background=1048576"
    "memorysetup-job-temp-allocator-reduction-small-platforms=262144"
    "memorysetup-allocator-temp-initial-block-size-main=262144"
    "memorysetup-allocator-temp-initial-block-size-worker=262144"
    "memorysetup-temp-allocator-size-background-worker=32768"
    "memorysetup-temp-allocator-size-job-worker=262144"
    "memorysetup-temp-allocator-size-preload-manager=33554432"
    "memorysetup-temp-allocator-size-nav-mesh-worker=65536"
    "memorysetup-temp-allocator-size-audio-worker=65536"
    "memorysetup-temp-allocator-size-cloud-worker=32768"
    "memorysetup-temp-allocator-size-gi-baking-worker=262144"
    "memorysetup-temp-allocator-size-gfx=262144"
Player connection [21256] Host "[IP] 192.168.45.236 [Port] 0 [Flags] 2 [Guid] 560439067 [EditorId] 560439067 [Version] 1048832 [Id] WindowsEditor(7,DESKTOP-74JCUV3) [Debug] 1 [PackageName] WindowsEditor [ProjectName] Editor" joined multi-casting on [225.0.0.222:54997]...

Player connection [21256] Host "[IP] 192.168.45.236 [Port] 0 [Flags] 2 [Guid] 560439067 [EditorId] 560439067 [Version] 1048832 [Id] WindowsEditor(7,DESKTOP-74JCUV3) [Debug] 1 [PackageName] WindowsEditor [ProjectName] Editor" joined alternative multi-casting on [225.0.0.222:34997]...

[Physics::Module] Initialized MultithreadedJobDispatcher with 11 workers.
Refreshing native plugins compatible for Editor in 7.00 ms, found 3 plugins.
Preloading 0 native plugins for Editor in 0.00 ms.
Initialize engine version: 2022.3.22f1 (887be4894c44)
[Subsystems] Discovering subsystems at path C:/Program Files/Unity 2022.3.22f1/Editor/Data/Resources/UnitySubsystems
[Subsystems] Discovering subsystems at path C:/Users/PC/Desktop/Unity-Lecture/Program/Assets
GfxDevice: creating device client; threaded=0; jobified=0
Direct3D:
    Version:  Direct3D 11.0 [level 11.1]
    Renderer: NVIDIA GeForce RTX 4060 (ID=0x2882)
    Vendor:   NVIDIA
    VRAM:     7957 MB
    Driver:   32.0.15.6081
Initialize mono
Mono path[0] = 'C:/Program Files/Unity 2022.3.22f1/Editor/Data/Managed'
Mono path[1] = 'C:/Program Files/Unity 2022.3.22f1/Editor/Data/MonoBleedingEdge/lib/mono/unityjit-win32'
Mono config path = 'C:/Program Files/Unity 2022.3.22f1/Editor/Data/MonoBleedingEdge/etc'
Using monoOptions --debugger-agent=transport=dt_socket,embedding=1,server=y,suspend=n,address=127.0.0.1:56044
Begin MonoManager ReloadAssembly
Registering precompiled unity dll's ...
Register platform support module: C:/Program Files/Unity 2022.3.22f1/Editor/Data/PlaybackEngines/WindowsStandaloneSupport/UnityEditor.WindowsStandalone.Extensions.dll
Registered in 0.004226 seconds.
- Loaded All Assemblies, in  0.272 seconds
Native extension for WindowsStandalone target not found
Mono: successfully reloaded assembly
- Finished resetting the current domain, in  0.214 seconds
Domain Reload Profiling: 484ms
	BeginReloadAssembly (85ms)
		ExecutionOrderSort (0ms)
		DisableScriptedObjects (0ms)
		BackupInstance (0ms)
		ReleaseScriptingObjects (0ms)
		CreateAndSetChildDomain (1ms)
	RebuildCommonClasses (30ms)
	RebuildNativeTypeToScriptingClass (9ms)
	initialDomainReloadingComplete (47ms)
	LoadAllAssembliesAndSetupDomain (99ms)
		LoadAssemblies (84ms)
		RebuildTransferFunctionScriptingTraits (0ms)
		AnalyzeDomain (98ms)
			TypeCache.Refresh (97ms)
				TypeCache.ScanAssembly (87ms)
			ScanForSourceGeneratedMonoScriptInfo (0ms)
			ResolveRequiredComponents (0ms)
	FinalizeReload (214ms)
		ReleaseScriptCaches (0ms)
		RebuildScriptCaches (0ms)
		SetupLoadedEditorAssemblies (170ms)
			LogAssemblyErrors (0ms)
			InitializePlatformSupportModulesInManaged (6ms)
			SetLoadedEditorAssemblies (6ms)
			RefreshPlugins (0ms)
			BeforeProcessingInitializeOnLoad (2ms)
			ProcessInitializeOnLoadAttributes (117ms)
			ProcessInitializeOnLoadMethodAttributes (39ms)
			AfterProcessingInitializeOnLoad (0ms)
			EditorAssembliesLoaded (0ms)
		ExecutionOrderSort2 (0ms)
		AwakeInstancesAfterBackupRestoration (0ms)
========================================================================
Worker process is ready to serve import requests
Begin MonoManager ReloadAssembly
- Loaded All Assemblies, in  0.666 seconds
Refreshing native plugins compatible for Editor in 2.48 ms, found 3 plugins.
Native extension for WindowsStandalone target not found
Package Manager log level set to [2]
[Package Manager] Server::EnsureServerProcessIsRunning -- launch failed, reason: Unity was launched with the -noUpm command-line argument
[Package Manager] UpmClient::Send -- Unable to send message (not connected to UPM process).
[Package Manager] Cannot connect to Unity Package Manager local server
[ScriptCompilation] NOT recompiling all scripts because this is an import worker process. Reason to compile was: Define symbols changed
Mono: successfully reloaded assembly
- Finished resetting the current domain, in  0.594 seconds
Domain Reload Profiling: 1257ms
	BeginReloadAssembly (210ms)
		ExecutionOrderSort (0ms)
		DisableScriptedObjects (5ms)
		BackupInstance (0ms)
		ReleaseScriptingObjects (0ms)
		CreateAndSetChildDomain (17ms)
	RebuildCommonClasses (32ms)
	RebuildNativeTypeToScriptingClass (11ms)
	initialDomainReloadingComplete (40ms)
	LoadAllAssembliesAndSetupDomain (369ms)
		LoadAssemblies (303ms)
		RebuildTransferFunctionScriptingTraits (0ms)
		AnalyzeDomain (178ms)
			TypeCache.Refresh (155ms)
				TypeCache.ScanAssembly (142ms)
			ScanForSourceGeneratedMonoScriptInfo (17ms)
			ResolveRequiredComponents (5ms)
	FinalizeReload (595ms)
		ReleaseScriptCaches (0ms)
		RebuildScriptCaches (0ms)
		SetupLoadedEditorAssemblies (455ms)
			LogAssemblyErrors (0ms)
			InitializePlatformSupportModulesInManaged (6ms)
			SetLoadedEditorAssemblies (4ms)
			RefreshPlugins (0ms)
			BeforeProcessingInitializeOnLoad (62ms)
			ProcessInitializeOnLoadAttributes (312ms)
			ProcessInitializeOnLoadMethodAttributes (66ms)
			AfterProcessingInitializeOnLoad (6ms)
			EditorAssembliesLoaded (0ms)
		ExecutionOrderSort2 (0ms)
		AwakeInstancesAfterBackupRestoration (7ms)
Launched and connected shader compiler UnityShaderCompiler.exe after 0.03 seconds
Refreshing native plugins compatible for Editor in 3.83 ms, found 3 plugins.
Preloading 0 native plugins for Editor in 0.00 ms.
Unloading 4315 Unused Serialized files (Serialized files now loaded: 0)
Unloading 55 unused Assets / (2.1 MB). Loaded Objects now: 4763.
Memory consumption went from 164.3 MB to 162.2 MB.
Total: 3.724600 ms (FindLiveObjects: 0.230100 ms CreateObjectMapping: 0.134700 ms MarkObjects: 2.669100 ms  DeleteObjects: 0.689600 ms)

AssetImportParameters requested are different than current active one (requested -> active):
  custom:container-demuxer-ogg: 62fdf1f143b41e24485cea50d1cbac27 -> 
  custom:video-codec-MediaFoundation-h265: 746d11721c4dcdbdad8f713fa42b33f4 -> 
  custom:video-decoder-ogg-theora: a1e56fd34408186e4bbccfd4996cb3dc -> 
  custom:framework-win-MediaFoundation: 216162199b28c13a410421893ffa2e32 -> 
  custom:scripting/monoscript/fileName/NewBehaviourScript.cs: b21687ddb03d73bd9f0c1daecb9714de -> 
  custom:CustomObjectIndexerAttribute: 9a22284fe3817be447336de3de66b15e -> 
  custom:container-demuxer-webm: 4f35f7cbe854078d1ac9338744f61a02 -> 
  custom:container-muxer-webm: aa71ff27fc2769a1b78a27578f13a17b -> 
  custom:video-decoder-webm-vp8: 9c59270c3fd7afecdb556c50c9e8de78 -> 
  custom:SearchIndexIgnoredProperties: e643bd26f0fe6173181afceb89e7c659 -> 
  custom:AudioImporter_EditorPlatform: d09bf68614088b80899f8185d706f6e7 -> 
  custom:video-encoder-webm-vp8: eb34c28f22e8b96e1ab97ce403110664 -> 
  custom:audio-decoder-ogg-vorbis: bf7c407c2cedff20999df2af8eb42d56 -> 
  custom:audio-encoder-webm-vorbis: bf7c407c2cedff20999df2af8eb42d56 -> 
========================================================================
Received Import Request.
  Time since last request: 26089.190131 seconds.
  path: Assets/Class3th (Life Cycle)/Free Stylized Hand-Painted Skybox/Materials/Cloudy03.mat
  artifactKey: Guid(896fe09c49b73a44ead00a982ee46e6b) Importer(815301076,1909f56bfc062723c751e8b465ee728b)
Start importing Assets/Class3th (Life Cycle)/Free Stylized Hand-Painted Skybox/Materials/Cloudy03.mat using Guid(896fe09c49b73a44ead00a982ee46e6b) Importer(815301076,1909f56bfc062723c751e8b465ee728b)  -> (artifact id: '2393eb9050c6d6cebbbfbe07132a4884') in 0.134963 seconds
Number of updated asset objects reloaded before import = 0
Number of asset objects unloaded after import = 2
========================================================================
Received Import Request.
  Time since last request: 191.221855 seconds.
  path: Assets/Class3th (Life Cycle)/LaFinca/Midgard Skybox/Skyboxs/Midgard 04.mat
  artifactKey: Guid(85a2bc9e5db22d74db1540ef5b278c74) Importer(815301076,1909f56bfc062723c751e8b465ee728b)
Start importing Assets/Class3th (Life Cycle)/LaFinca/Midgard Skybox/Skyboxs/Midgard 04.mat using Guid(85a2bc9e5db22d74db1540ef5b278c74) Importer(815301076,1909f56bfc062723c751e8b465ee728b)  -> (artifact id: 'ae8e65468777a309580dc76b83f58556') in 0.329027 seconds
Number of updated asset objects reloaded before import = 0
Number of asset objects unloaded after import = 2
========================================================================
Received Import Request.
  Time since last request: 0.000022 seconds.
  path: Assets/Class3th (Life Cycle)/LaFinca/Midgard Skybox/Skyboxs/Midgard 10.mat
  artifactKey: Guid(2e1cfb1b774ecd84b80e670da8da4f97) Importer(815301076,1909f56bfc062723c751e8b465ee728b)
Start importing Assets/Class3th (Life Cycle)/LaFinca/Midgard Skybox/Skyboxs/Midgard 10.mat using Guid(2e1cfb1b774ecd84b80e670da8da4f97) Importer(815301076,1909f56bfc062723c751e8b465ee728b)  -> (artifact id: '40460ebdb8d1e64ec78f9a84e53b2ebc') in 0.115460 seconds
Number of updated asset objects reloaded before import = 0
Number of asset objects unloaded after import = 2
========================================================================
Received Import Request.
  Time since last request: 0.000029 seconds.
  path: Assets/Class3th (Life Cycle)/LaFinca/Midgard Skybox/Skyboxs/Midgard 05.mat
  artifactKey: Guid(c94d68c9d17a6cb45ab0f280674c0348) Importer(815301076,1909f56bfc062723c751e8b465ee728b)
Start importing Assets/Class3th (Life Cycle)/LaFinca/Midgard Skybox/Skyboxs/Midgard 05.mat using Guid(c94d68c9d17a6cb45ab0f280674c0348) Importer(815301076,1909f56bfc062723c751e8b465ee728b)  -> (artifact id: 'ed8ce98929d2f8c6576067ba264ee03e') in 0.111967 seconds
Number of updated asset objects reloaded before import = 0
Number of asset objects unloaded after import = 2
========================================================================
Received Import Request.
  Time since last request: 0.000034 seconds.
  path: Assets/Class3th (Life Cycle)/LaFinca/Midgard Skybox/Skyboxs/Midgard 12.mat
  artifactKey: Guid(7a407ee272670044e94eca4c1afedc74) Importer(815301076,1909f56bfc062723c751e8b465ee728b)
Start importing Assets/Class3th (Life Cycle)/LaFinca/Midgard Skybox/Skyboxs/Midgard 12.mat using Guid(7a407ee272670044e94eca4c1afedc74) Importer(815301076,1909f56bfc062723c751e8b465ee728b)  -> (artifact id: '1a370da0d1de2ec9266293801a114e0c') in 0.107850 seconds
Number of updated asset objects reloaded before import = 0
Number of asset objects unloaded after import = 2
========================================================================
Received Import Request.
  Time since last request: 0.000028 seconds.
  path: Assets/Class3th (Life Cycle)/LaFinca/Midgard Skybox/Skyboxs/Midgard 11.mat
  artifactKey: Guid(518bfbebb30bb5b4bb88826a82b2dac1) Importer(815301076,1909f56bfc062723c751e8b465ee728b)
Start importing Assets/Class3th (Life Cycle)/LaFinca/Midgard Skybox/Skyboxs/Midgard 11.mat using Guid(518bfbebb30bb5b4bb88826a82b2dac1) Importer(815301076,1909f56bfc062723c751e8b465ee728b)  -> (artifact id: '588ec055292df51495a648756f58e7e3') in 0.103779 seconds
Number of updated asset objects reloaded before import = 0
Number of asset objects unloaded after import = 2
========================================================================
Received Import Request.
  Time since last request: 0.000055 seconds.
  path: Assets/Class3th (Life Cycle)/LaFinca/Midgard Skybox/Skyboxs/Midgard 07.mat
  artifactKey: Guid(35e6c9149f1bc494f885c0f0c6070fe5) Importer(815301076,1909f56bfc062723c751e8b465ee728b)
Start importing Assets/Class3th (Life Cycle)/LaFinca/Midgard Skybox/Skyboxs/Midgard 07.mat using Guid(35e6c9149f1bc494f885c0f0c6070fe5) Importer(815301076,1909f56bfc062723c751e8b465ee728b)  -> (artifact id: 'a157f548fdf1c71a5ea0297c232aa9e7') in 0.103060 seconds
Number of updated asset objects reloaded before import = 0
Number of asset objects unloaded after import = 2
========================================================================
Received Import Request.
  Time since last request: 0.000020 seconds.
  path: Assets/Class3th (Life Cycle)/LaFinca/Midgard Skybox/Skyboxs/Midgard 13.mat
  artifactKey: Guid(599fab7a9335c8d40a763632d0e16ea4) Importer(815301076,1909f56bfc062723c751e8b465ee728b)
Start importing Assets/Class3th (Life Cycle)/LaFinca/Midgard Skybox/Skyboxs/Midgard 13.mat using Guid(599fab7a9335c8d40a763632d0e16ea4) Importer(815301076,1909f56bfc062723c751e8b465ee728b)  -> (artifact id: '60436c912dfd178bc3563afdc2ef5645') in 0.096466 seconds
Number of updated asset objects reloaded before import = 0
Number of asset objects unloaded after import = 2
Editor requested this worker to shutdown with reason: Scaling down because of idle timeout
TcpMessagingSession - receive error: operation aborted. errorcode: 995, details: 스레드 종료 또는 응용 프로그램 요청 때문에 I/O 작업이 취소되었습니다.
AssetImportWorker is now disconnected from the server
Process exiting
Exiting without the bug reporter. Application will terminate with return code 0